<?xml version="1.0" encoding="UTF-8"?>
<testsuite name="TestSuite" time="331.85" tests="7" errors="0" skipped="0" failures="2">
  <properties>
[...]
</properties>
  <testcase name="testTitleLongkeywordNonProductAddItemMode" classname="com.ebay.boltsimpleses.modules.TitleTests" time="20.433"/>
  <testcase name="testTitleSpecialCharNonProductAddItemMode" classname="com.ebay.boltsimpleses.modules.TitleTests" time="4.808"/>
  <testcase name="testTitlePathsNonProductsAddItemMode" classname="com.ebay.boltsimpleses.modules.TitleTests" time="7.38"/>
  <testcase name="testTitleValuesNonProductAddItemMode" classname="com.ebay.boltsimpleses.modules.TitleTests" time="16.351"/>
  <testcase name="testTitleSplCharPublishSS" classname="com.ebay.boltsimpleses.modules.sellsimilar.TitleSSTests" time="43.026">
    <failure message="itemId not found in publish draft response" type="java.lang.AssertionError">java.lang.AssertionError: itemId not found in publish draft response
	at org.junit.Assert.fail(Assert.java:91)
	at com.ebay.utils.Requests.getItemId(Requests.java:204)
	at com.ebay.boltsimpleses.modules.sellsimilar.TitleSSTests.testTitleSplCharPublishSS(TitleSSTests.java:80)
</failure>
    <system-out><![CDATA[Completed # 4 PASSED com.ebay.boltsimpleses.modules.TitleTests.testTitleValuesNonProductAddItemMode
Params:[]


[Breeze-INFO]12-22@22:50-45: Building tests to be run ... 
[Breeze-INFO]12-22@22:50-52: Invocation on target http://sellexsvc.stratus.qa.ebay.com/experience/consumer_selling/v2/listing_draft/623820602?mode=AddItem takes 18882 (ms)
[Breeze-INFO]12-22@22:50-52: Tried 1 time(s)
[Breeze-INFO]12-22@22:50-52: Invocation on target http://sellexsvc.stratus.qa.ebay.com/experience/consumer_selling/v2/listing_draft/637724301?mode=AddItem takes 16347 (ms)
[Breeze-INFO]12-22@22:50-52: Tried 1 time(s)
[Breeze-INFO]12-22@22:50-55: Enter retry model...
[Breeze-INFO]12-22@22:50-55: Enter retry model...
[Breeze-INFO]12-22@22:51-05: Invocation on target http://sellexsvc.stratus.qa.ebay.com/experience/consumer_selling/v2/listing_draft/637724301?mode=AddItem takes 9220 (ms)
[Breeze-INFO]12-22@22:51-05: Tried 1 time(s)
[Breeze-INFO]12-22@22:51-06: Invocation on target http://sellexsvc.stratus.qa.ebay.com/experience/consumer_selling/v2/listing_draft/623820602?mode=AddItem takes 11188 (ms)
[Breeze-INFO]12-22@22:51-06: Tried 1 time(s)
[Breeze-INFO]12-22@22:51-08: Enter retry model...
[Breeze-INFO]12-22@22:51-09: Invocation on target http://sellexsvc.stratus.qa.ebay.com/experience/consumer_selling/v2/listing_draft/637724201/publish?mode=AddItem takes 27701 (ms)
[Breeze-INFO]12-22@22:51-09: Tried 1 time(s)
[Breeze-INFO]12-22@22:51-09: Enter retry model...
]]></system-out>
  </testcase>
  <testcase name="testTitleNonProductPublish" classname="com.ebay.boltsimpleses.modules.TitleTests" time="107.919">
    <failure type="com.ebay.quality.testdataautil.exception.DataCreationException:">com.ebay.quality.testdataautil.exception.DataCreationException: null
	at com.ebay.sdk.ApiCall.getRequestXml(ApiCall.java:245)
	at com.ebay.quality.testdataautil.api.APIUtilBuilder$APIRequestBuilder$1.call(APIUtilBuilder.java:120)
	at com.ebay.quality.testdataautil.api.APIUtilBuilder$APIRequestBuilder$1.call(APIUtilBuilder.java:103)
	at com.ebay.quality.testdataautil.api.Retry.call(Retry.java:53)
	at com.ebay.quality.testdataautil.api.APIUtilBuilder$APIRequestBuilder.execute(APIUtilBuilder.java:128)
	at com.ebay.quality.testdataautil.api.ItemHelper.endItem(ItemHelper.java:476)
	at com.ebay.quality.testdataautil.api.ItemHelper.endItem(ItemHelper.java:497)
	at com.ebay.c2cqe.commonutils.BoltItemUtil.endItem(BoltItemUtil.java:20)
	at com.ebay.boltsimpleses.modules.TitleTests.testTitleNonProductPublish(TitleTests.java:271)
</failure>
    <system-out><![CDATA[Completed # 5 FAILED com.ebay.boltsimpleses.modules.sellsimilar.TitleSSTests.testTitleSplCharPublishSS
Params:[]
FAIL REASON:itemId not found in publish draft response

[Breeze-INFO]12-22@22:51-12: Building tests to be run ... 
[Breeze-INFO]12-22@22:51-58: Invocation on target http://sellexsvc.stratus.qa.ebay.com/experience/consumer_selling/v2/listing_draft/637724301?mode=AddItem takes 50665 (ms)
[Breeze-INFO]12-22@22:51-58: Tried 1 time(s)
[Breeze-INFO]12-22@22:52-01: Enter retry model...
[Breeze-INFO]12-22@22:52-03: Invocation on target http://sellexsvc.stratus.qa.ebay.com/experience/consumer_selling/v2/listing_draft/623820602/publish?mode=AddItem takes 53419 (ms)
[Breeze-INFO]12-22@22:52-03: Tried 1 time(s)
Found config file at jar:file:/root/.m2/raptor2/com/ebay/dct/dctwsclient-with-dependencies/2.0.1/dctwsclient-with-dependencies-2.0.1.jar!/config/ukernelcore/ConfigCommandListener.properties
Found config file at jar:file:/root/.m2/raptor2/com/ebay/dct/dctwsclient-with-dependencies/2.0.1/dctwsclient-with-dependencies-2.0.1.jar!/config/ukernelcore/ConfigCommandListener.properties
Found config file at jar:file:/root/.m2/raptor2/com/ebay/dct/dctwsclient-with-dependencies/2.0.1/dctwsclient-with-dependencies-2.0.1.jar!/config/ukernelcore/ConfigCommandListener.properties
Found config file at jar:file:/root/.m2/raptor2/com/ebay/dct/dctwsclient-with-dependencies/2.0.1/dctwsclient-with-dependencies-2.0.1.jar!/config/ukernelcore/ConfigCommandListener.properties
[Breeze-INFO]12-22@22:52-13: Call 1 time(s), 
[Breeze-INFO]12-22@22:52-13: Call 1 time(s), 
[Breeze-INFO]12-22@22:52-17: succeed
]]></system-out>
    <system-err><![CDATA[java.lang.NullPointerException
	at com.ebay.sdk.ApiCall.getRequestXml(ApiCall.java:245)
	at com.ebay.quality.testdataautil.api.APIUtilBuilder$APIRequestBuilder$1.call(APIUtilBuilder.java:120)
	at com.ebay.quality.testdataautil.api.APIUtilBuilder$APIRequestBuilder$1.call(APIUtilBuilder.java:103)
	at com.ebay.quality.testdataautil.api.Retry.call(Retry.java:53)
	at com.ebay.quality.testdataautil.api.APIUtilBuilder$APIRequestBuilder.execute(APIUtilBuilder.java:128)
	at com.ebay.quality.testdataautil.api.ItemHelper.endItem(ItemHelper.java:476)
	at com.ebay.quality.testdataautil.api.ItemHelper.endItem(ItemHelper.java:497)
	at com.ebay.c2cqe.commonutils.BoltItemUtil.endItem(BoltItemUtil.java:20)
	at com.ebay.boltsimpleses.modules.TitleTests.testTitleNonProductPublish(TitleTests.java:271)
	at sun.reflect.NativeMethodAccessorImpl.invoke0(Native Method)
	at sun.reflect.NativeMethodAccessorImpl.invoke(NativeMethodAccessorImpl.java:62)
	at sun.reflect.DelegatingMethodAccessorImpl.invoke(DelegatingMethodAccessorImpl.java:43)
	at java.lang.reflect.Method.invoke(Method.java:498)
	at org.testng.internal.MethodInvocationHelper.invokeMethod(MethodInvocationHelper.java:84)
	at org.testng.internal.Invoker.invokeMethod(Invoker.java:714)
	at org.testng.internal.Invoker.invokeTestMethod(Invoker.java:901)
	at org.testng.internal.Invoker.invokeTestMethods(Invoker.java:1231)
	at org.testng.internal.TestMethodWorker.invokeTestMethods(TestMethodWorker.java:127)
	at org.testng.internal.TestMethodWorker.run(TestMethodWorker.java:111)
	at java.util.concurrent.ThreadPoolExecutor.runWorker(ThreadPoolExecutor.java:1149)
	at java.util.concurrent.ThreadPoolExecutor$Worker.run(ThreadPoolExecutor.java:624)
	at java.lang.Thread.run(Thread.java:748)
[Breeze-WARNING]12-22@22:52-17: failed, reason is [java.lang.NullPointerException], retrying...
]]></system-err>
  </testcase>
  <testcase name="testTitleValidationError" classname="com.ebay.boltsimpleses.modules.TitleTests" time="131.933"/>
</testsuite>